Using pre-set license
Built from '2021.3/staging' branch; Version is '2021.3.6f1 (7da38d85baf6) revision 8233869'; Using compiler version '192829333'; Build Type 'Release'
OS: 'Windows 10  (10.0.19043) 64bit Enterprise' Language: 'fr' Physical Memory: 16332 MB
BatchMode: 1, IsHumanControllingUs: 0, StartBugReporterOnCrash: 0, Is64bit: 1, IsPro: 1

COMMAND LINE ARGUMENTS:
D:\Programmes (x86)\2021.3.6f1\Editor\Unity.exe
-adb2
-batchMode
-noUpm
-name
AssetImportWorker0
-projectPath
D:/Users/ghost/Bureau/Projets C#/FPSUnity/FPS
-logFile
Logs/AssetImportWorker0.log
-srvPort
54645
Successfully changed project path to: D:/Users/ghost/Bureau/Projets C#/FPSUnity/FPS
D:/Users/ghost/Bureau/Projets C#/FPSUnity/FPS
[UnityMemory] Configuration Parameters - Can be set up in boot.config
    "memorysetup-bucket-allocator-granularity=16"
    "memorysetup-bucket-allocator-bucket-count=8"
    "memorysetup-bucket-allocator-block-size=33554432"
    "memorysetup-bucket-allocator-block-count=8"
    "memorysetup-main-allocator-block-size=16777216"
    "memorysetup-thread-allocator-block-size=16777216"
    "memorysetup-gfx-main-allocator-block-size=16777216"
    "memorysetup-gfx-thread-allocator-block-size=16777216"
    "memorysetup-cache-allocator-block-size=4194304"
    "memorysetup-typetree-allocator-block-size=2097152"
    "memorysetup-profiler-bucket-allocator-granularity=16"
    "memorysetup-profiler-bucket-allocator-bucket-count=8"
    "memorysetup-profiler-bucket-allocator-block-size=33554432"
    "memorysetup-profiler-bucket-allocator-block-count=8"
    "memorysetup-profiler-allocator-block-size=16777216"
    "memorysetup-profiler-editor-allocator-block-size=1048576"
    "memorysetup-temp-allocator-size-main=16777216"
    "memorysetup-job-temp-allocator-block-size=2097152"
    "memorysetup-job-temp-allocator-block-size-background=1048576"
    "memorysetup-job-temp-allocator-reduction-small-platforms=262144"
    "memorysetup-temp-allocator-size-background-worker=32768"
    "memorysetup-temp-allocator-size-job-worker=262144"
    "memorysetup-temp-allocator-size-preload-manager=33554432"
    "memorysetup-temp-allocator-size-nav-mesh-worker=65536"
    "memorysetup-temp-allocator-size-audio-worker=65536"
    "memorysetup-temp-allocator-size-cloud-worker=32768"
    "memorysetup-temp-allocator-size-gi-baking-worker=262144"
    "memorysetup-temp-allocator-size-gfx=262144"
Refreshing native plugins compatible for Editor in 81.03 ms, found 3 plugins.
Preloading 0 native plugins for Editor in 0.00 ms.
Initialize engine version: 2021.3.6f1 (7da38d85baf6)
[Subsystems] Discovering subsystems at path D:/Programmes (x86)/2021.3.6f1/Editor/Data/Resources/UnitySubsystems
[Subsystems] Discovering subsystems at path D:/Users/ghost/Bureau/Projets C#/FPSUnity/FPS/Assets
GfxDevice: creating device client; threaded=0; jobified=0
Direct3D:
    Version:  Direct3D 11.0 [level 11.1]
    Renderer: NVIDIA GeForce RTX 2060 (ID=0x1e89)
    Vendor:   NVIDIA
    VRAM:     5968 MB
    Driver:   30.0.15.1295
Initialize mono
Mono path[0] = 'D:/Programmes (x86)/2021.3.6f1/Editor/Data/Managed'
Mono path[1] = 'D:/Programmes (x86)/2021.3.6f1/Editor/Data/MonoBleedingEdge/lib/mono/unityjit-win32'
Mono config path = 'D:/Programmes (x86)/2021.3.6f1/Editor/Data/MonoBleedingEdge/etc'
Using monoOptions --debugger-agent=transport=dt_socket,embedding=1,server=y,suspend=n,address=127.0.0.1:56044
Begin MonoManager ReloadAssembly
Registering precompiled unity dll's ...
Register platform support module: D:/Programmes (x86)/2021.3.6f1/Editor/Data/PlaybackEngines/WebGLSupport/UnityEditor.WebGL.Extensions.dll
Register platform support module: D:/Programmes (x86)/2021.3.6f1/Editor/Data/PlaybackEngines/WindowsStandaloneSupport/UnityEditor.WindowsStandalone.Extensions.dll
Registered in 0.002291 seconds.
Native extension for WindowsStandalone target not found
Native extension for WebGL target not found
Refreshing native plugins compatible for Editor in 84.05 ms, found 3 plugins.
Preloading 0 native plugins for Editor in 0.00 ms.
Mono: successfully reloaded assembly
- Completed reload, in  0.564 seconds
Domain Reload Profiling:
	ReloadAssembly (565ms)
		BeginReloadAssembly (58ms)
			ExecutionOrderSort (0ms)
			DisableScriptedObjects (0ms)
			BackupInstance (0ms)
			ReleaseScriptingObjects (0ms)
			CreateAndSetChildDomain (1ms)
		EndReloadAssembly (416ms)
			LoadAssemblies (57ms)
			RebuildTransferFunctionScriptingTraits (0ms)
			SetupTypeCache (95ms)
			ReleaseScriptCaches (0ms)
			RebuildScriptCaches (26ms)
			SetupLoadedEditorAssemblies (254ms)
				LogAssemblyErrors (0ms)
				InitializePlatformSupportModulesInManaged (7ms)
				SetLoadedEditorAssemblies (0ms)
				RefreshPlugins (84ms)
				BeforeProcessingInitializeOnLoad (1ms)
				ProcessInitializeOnLoadAttributes (122ms)
				ProcessInitializeOnLoadMethodAttributes (40ms)
				AfterProcessingInitializeOnLoad (0ms)
				EditorAssembliesLoaded (0ms)
			ExecutionOrderSort2 (0ms)
			AwakeInstancesAfterBackupRestoration (0ms)
Platform modules already initialized, skipping
Registering precompiled user dll's ...
Registered in 0.004254 seconds.
Begin MonoManager ReloadAssembly
Symbol file LoadedFromMemory doesn't match image D:\Users\ghost\Bureau\Projets C#\FPSUnity\FPS\Library\PackageCache\com.unity.visualscripting@1.7.8\Editor\VisualScripting.Core\Dependencies\YamlDotNet\Unity.VisualScripting.YamlDotNet.dll
Symbol file LoadedFromMemory doesn't match image D:\Users\ghost\Bureau\Projets C#\FPSUnity\FPS\Library\PackageCache\com.unity.visualscripting@1.7.8\Editor\VisualScripting.Core\Dependencies\DotNetZip\Unity.VisualScripting.IonicZip.dll
Native extension for WindowsStandalone target not found
Native extension for WebGL target not found
Refreshing native plugins compatible for Editor in 0.55 ms, found 3 plugins.
Preloading 0 native plugins for Editor in 0.00 ms.
Mono: successfully reloaded assembly
- Completed reload, in  0.924 seconds
Domain Reload Profiling:
	ReloadAssembly (925ms)
		BeginReloadAssembly (98ms)
			ExecutionOrderSort (0ms)
			DisableScriptedObjects (5ms)
			BackupInstance (0ms)
			ReleaseScriptingObjects (0ms)
			CreateAndSetChildDomain (19ms)
		EndReloadAssembly (729ms)
			LoadAssemblies (68ms)
			RebuildTransferFunctionScriptingTraits (0ms)
			SetupTypeCache (245ms)
			ReleaseScriptCaches (1ms)
			RebuildScriptCaches (51ms)
			SetupLoadedEditorAssemblies (333ms)
				LogAssemblyErrors (0ms)
				InitializePlatformSupportModulesInManaged (5ms)
				SetLoadedEditorAssemblies (0ms)
				RefreshPlugins (1ms)
				BeforeProcessingInitializeOnLoad (78ms)
				ProcessInitializeOnLoadAttributes (214ms)
				ProcessInitializeOnLoadMethodAttributes (32ms)
				AfterProcessingInitializeOnLoad (3ms)
				EditorAssembliesLoaded (0ms)
			ExecutionOrderSort2 (0ms)
			AwakeInstancesAfterBackupRestoration (6ms)
Platform modules already initialized, skipping
========================================================================
Worker process is ready to serve import requests
Launched and connected shader compiler UnityShaderCompiler.exe after 0.05 seconds
Refreshing native plugins compatible for Editor in 0.68 ms, found 3 plugins.
Preloading 0 native plugins for Editor in 0.00 ms.
Unloading 3720 Unused Serialized files (Serialized files now loaded: 0)
Unloading 32 unused Assets / (111.6 KB). Loaded Objects now: 4177.
Memory consumption went from 130.4 MB to 130.3 MB.
Total: 3.126000 ms (FindLiveObjects: 0.316900 ms CreateObjectMapping: 0.112900 ms MarkObjects: 2.567400 ms  DeleteObjects: 0.127700 ms)

AssetImportParameters requested are different than current active one (requested -> active):
  custom:video-decoder-ogg-theora: a1e56fd34408186e4bbccfd4996cb3dc -> 
  custom:container-muxer-webm: aa71ff27fc2769a1b78a27578f13a17b -> 
  custom:container-demuxer-webm: 4f35f7cbe854078d1ac9338744f61a02 -> 
  custom:video-encoder-webm-vp8: eb34c28f22e8b96e1ab97ce403110664 -> 
  custom:audio-encoder-webm-vorbis: bf7c407c2cedff20999df2af8eb42d56 -> 
  custom:framework-win-MediaFoundation: 216162199b28c13a410421893ffa2e32 -> 
  custom:container-demuxer-ogg: 62fdf1f143b41e24485cea50d1cbac27 -> 
  custom:video-decoder-webm-vp8: 9c59270c3fd7afecdb556c50c9e8de78 -> 
  custom:audio-decoder-ogg-vorbis: bf7c407c2cedff20999df2af8eb42d56 -> 
========================================================================
Received Import Request.
  Time since last request: 145902.339989 seconds.
  path: Assets/Sci-Fi Weapons/Base Pack/Ground.mat
  artifactKey: Guid(b735f57067182b14f809e132ac0a6536) Importer(815301076,1909f56bfc062723c751e8b465ee728b)
Start importing Assets/Sci-Fi Weapons/Base Pack/Ground.mat using Guid(b735f57067182b14f809e132ac0a6536) Importer(815301076,1909f56bfc062723c751e8b465ee728b)  -> (artifact id: '7488fa8f569667df4a9c4004719d6176') in 0.397713 seconds 
========================================================================
Received Import Request.
  Time since last request: 1.234623 seconds.
  path: Assets/Sci-Fi Weapons/Base Pack/Sniper
  artifactKey: Guid(49053188534fef543810ca02eaf68bfa) Importer(815301076,1909f56bfc062723c751e8b465ee728b)
Start importing Assets/Sci-Fi Weapons/Base Pack/Sniper using Guid(49053188534fef543810ca02eaf68bfa) Importer(815301076,1909f56bfc062723c751e8b465ee728b)  -> (artifact id: 'dca412b9f5ac336eb58fbdbb11ffd5ac') in 0.005841 seconds 
========================================================================
Received Import Request.
  Time since last request: 0.064210 seconds.
  path: Assets/Sci-Fi Weapons/Base Pack/Sniper/Sniper.fbx
  artifactKey: Guid(a38f0fefbda80564b890ac759138031b) Importer(815301076,1909f56bfc062723c751e8b465ee728b)
Start importing Assets/Sci-Fi Weapons/Base Pack/Sniper/Sniper.fbx using Guid(a38f0fefbda80564b890ac759138031b) Importer(815301076,1909f56bfc062723c751e8b465ee728b)  -> (artifact id: 'b2e418e140c256534cfd7c15f116127d') in 0.172534 seconds 
========================================================================
Received Import Request.
  Time since last request: 10.330471 seconds.
  path: Assets/Sci-Fi Weapons/Base Pack/Heavy
  artifactKey: Guid(0494dd2bcfe7e764b83956d8a5965f03) Importer(815301076,1909f56bfc062723c751e8b465ee728b)
Start importing Assets/Sci-Fi Weapons/Base Pack/Heavy using Guid(0494dd2bcfe7e764b83956d8a5965f03) Importer(815301076,1909f56bfc062723c751e8b465ee728b)  -> (artifact id: '019da7fed5592cc251b51e2cc203f6dd') in 0.005578 seconds 
========================================================================
Received Import Request.
  Time since last request: 0.061154 seconds.
  path: Assets/Sci-Fi Weapons/Base Pack/Heavy/Heavy.fbx
  artifactKey: Guid(8233791bab55837408982f359042ae45) Importer(815301076,1909f56bfc062723c751e8b465ee728b)
Start importing Assets/Sci-Fi Weapons/Base Pack/Heavy/Heavy.fbx using Guid(8233791bab55837408982f359042ae45) Importer(815301076,1909f56bfc062723c751e8b465ee728b)  -> (artifact id: 'be2e1b041eb6e8c0f4b8fc81f5571d7d') in 0.077400 seconds 
========================================================================
Received Import Request.
  Time since last request: 13.344372 seconds.
  path: Assets/Imports
  artifactKey: Guid(c7a4f974886b8944495089bad8275e22) Importer(815301076,1909f56bfc062723c751e8b465ee728b)
Start importing Assets/Imports using Guid(c7a4f974886b8944495089bad8275e22) Importer(815301076,1909f56bfc062723c751e8b465ee728b)  -> (artifact id: 'c69e90658673712401aa916926a04456') in 0.005494 seconds 
========================================================================
Received Prepare
Registering precompiled user dll's ...
Registered in 0.003767 seconds.
Begin MonoManager ReloadAssembly
Symbol file LoadedFromMemory doesn't match image D:\Users\ghost\Bureau\Projets C#\FPSUnity\FPS\Library\PackageCache\com.unity.visualscripting@1.7.8\Editor\VisualScripting.Core\Dependencies\YamlDotNet\Unity.VisualScripting.YamlDotNet.dll
Symbol file LoadedFromMemory doesn't match image D:\Users\ghost\Bureau\Projets C#\FPSUnity\FPS\Library\PackageCache\com.unity.visualscripting@1.7.8\Editor\VisualScripting.Core\Dependencies\DotNetZip\Unity.VisualScripting.IonicZip.dll
Native extension for WindowsStandalone target not found
Native extension for WebGL target not found
Refreshing native plugins compatible for Editor in 0.79 ms, found 3 plugins.
Preloading 0 native plugins for Editor in 0.00 ms.
Mono: successfully reloaded assembly
- Completed reload, in  0.880 seconds
Domain Reload Profiling:
	ReloadAssembly (881ms)
		BeginReloadAssembly (113ms)
			ExecutionOrderSort (0ms)
			DisableScriptedObjects (4ms)
			BackupInstance (0ms)
			ReleaseScriptingObjects (0ms)
			CreateAndSetChildDomain (36ms)
		EndReloadAssembly (687ms)
			LoadAssemblies (66ms)
			RebuildTransferFunctionScriptingTraits (0ms)
			SetupTypeCache (245ms)
			ReleaseScriptCaches (2ms)
			RebuildScriptCaches (39ms)
			SetupLoadedEditorAssemblies (294ms)
				LogAssemblyErrors (0ms)
				InitializePlatformSupportModulesInManaged (11ms)
				SetLoadedEditorAssemblies (0ms)
				RefreshPlugins (1ms)
				BeforeProcessingInitializeOnLoad (57ms)
				ProcessInitializeOnLoadAttributes (188ms)
				ProcessInitializeOnLoadMethodAttributes (33ms)
				AfterProcessingInitializeOnLoad (2ms)
				EditorAssembliesLoaded (0ms)
			ExecutionOrderSort2 (0ms)
			AwakeInstancesAfterBackupRestoration (6ms)
Platform modules already initialized, skipping
Refreshing native plugins compatible for Editor in 1.79 ms, found 3 plugins.
Preloading 0 native plugins for Editor in 0.00 ms.
Unloading 3702 Unused Serialized files (Serialized files now loaded: 0)
Unloading 25 unused Assets / (79.5 KB). Loaded Objects now: 4223.
Memory consumption went from 133.8 MB to 133.8 MB.
Total: 3.024000 ms (FindLiveObjects: 0.370800 ms CreateObjectMapping: 0.100000 ms MarkObjects: 2.449800 ms  DeleteObjects: 0.102300 ms)

AssetImportParameters requested are different than current active one (requested -> active):
  custom:video-decoder-ogg-theora: a1e56fd34408186e4bbccfd4996cb3dc -> 
  custom:container-muxer-webm: aa71ff27fc2769a1b78a27578f13a17b -> 
  custom:container-demuxer-webm: 4f35f7cbe854078d1ac9338744f61a02 -> 
  custom:video-encoder-webm-vp8: eb34c28f22e8b96e1ab97ce403110664 -> 
  custom:audio-encoder-webm-vorbis: bf7c407c2cedff20999df2af8eb42d56 -> 
  custom:framework-win-MediaFoundation: 216162199b28c13a410421893ffa2e32 -> 
  custom:container-demuxer-ogg: 62fdf1f143b41e24485cea50d1cbac27 -> 
  custom:video-decoder-webm-vp8: 9c59270c3fd7afecdb556c50c9e8de78 -> 
  custom:audio-decoder-ogg-vorbis: bf7c407c2cedff20999df2af8eb42d56 -> 
========================================================================
Received Import Request.
  Time since last request: 36.471348 seconds.
  path: Assets/StreamingAssets
  artifactKey: Guid(ba4351bbf05a7d443af3cc5626695c4b) Importer(815301076,1909f56bfc062723c751e8b465ee728b)
Start importing Assets/StreamingAssets using Guid(ba4351bbf05a7d443af3cc5626695c4b) Importer(815301076,1909f56bfc062723c751e8b465ee728b)  -> (artifact id: '8962d0d83303cdc97c3bbc9995ee8c0b') in 0.011672 seconds 
========================================================================
Received Import Request.
  Time since last request: 53.566702 seconds.
  path: Assets/Imports/Sci-Fi Weapons/Base Pack/Rifle
  artifactKey: Guid(f8e02b04a4861e643b7be56bb3ab29f5) Importer(815301076,1909f56bfc062723c751e8b465ee728b)
Start importing Assets/Imports/Sci-Fi Weapons/Base Pack/Rifle using Guid(f8e02b04a4861e643b7be56bb3ab29f5) Importer(815301076,1909f56bfc062723c751e8b465ee728b)  -> (artifact id: 'dc86029050ad434b8ff8b5e56ecdec0e') in 0.005444 seconds 
========================================================================
Received Import Request.
  Time since last request: 0.063114 seconds.
  path: Assets/Imports/Sci-Fi Weapons/Base Pack/Rifle/Rifle.fbx
  artifactKey: Guid(1dc2a27ad3a63d24bad7f1c6d159013e) Importer(815301076,1909f56bfc062723c751e8b465ee728b)
Start importing Assets/Imports/Sci-Fi Weapons/Base Pack/Rifle/Rifle.fbx using Guid(1dc2a27ad3a63d24bad7f1c6d159013e) Importer(815301076,1909f56bfc062723c751e8b465ee728b)  -> (artifact id: 'bb21457061c90bed6ada5513e531a590') in 0.126212 seconds 
========================================================================
Received Import Request.
  Time since last request: 349.350442 seconds.
  path: Assets/Prefabs/Rifle.prefab
  artifactKey: Guid(2fdead96652adb54487dffe3cfb6ca2a) Importer(815301076,1909f56bfc062723c751e8b465ee728b)
Start importing Assets/Prefabs/Rifle.prefab using Guid(2fdead96652adb54487dffe3cfb6ca2a) Importer(815301076,1909f56bfc062723c751e8b465ee728b)  -> (artifact id: '6eb3859322f126424e2604479fc8b648') in 0.050373 seconds 
========================================================================
Received Import Request.
  Time since last request: 32.399633 seconds.
  path: Assets/Materials/Rifle
  artifactKey: Guid(3b0858042d9c4e04f8619c9556563685) Importer(815301076,1909f56bfc062723c751e8b465ee728b)
Start importing Assets/Materials/Rifle using Guid(3b0858042d9c4e04f8619c9556563685) Importer(815301076,1909f56bfc062723c751e8b465ee728b)  -> (artifact id: 'c3bd157cecf98573a2706606af351fe3') in 0.001874 seconds 
========================================================================
Received Import Request.
  Time since last request: 8.610093 seconds.
  path: Assets/Materials/Rifle/Main.mat
  artifactKey: Guid(5a09221c8ba55d243a15d63ad4d4562a) Importer(815301076,1909f56bfc062723c751e8b465ee728b)
Start importing Assets/Materials/Rifle/Main.mat using Guid(5a09221c8ba55d243a15d63ad4d4562a) Importer(815301076,1909f56bfc062723c751e8b465ee728b)  -> (artifact id: '8b4fcac88c0a2443539e71292930766f') in 0.023790 seconds 
========================================================================
Received Import Request.
  Time since last request: 15.997986 seconds.
  path: Assets/Materials/Rifle/Visor.mat
  artifactKey: Guid(9aeb5a875c8c8c945b1a26ed57520de6) Importer(815301076,1909f56bfc062723c751e8b465ee728b)
Start importing Assets/Materials/Rifle/Visor.mat using Guid(9aeb5a875c8c8c945b1a26ed57520de6) Importer(815301076,1909f56bfc062723c751e8b465ee728b)  -> (artifact id: 'b2e6e9f7b92a6756b3d887a346639e29') in 0.017480 seconds 
========================================================================
Received Import Request.
  Time since last request: 8.912576 seconds.
  path: Assets/Materials/Rifle/Scope.mat
  artifactKey: Guid(9aeb5a875c8c8c945b1a26ed57520de6) Importer(815301076,1909f56bfc062723c751e8b465ee728b)
Start importing Assets/Materials/Rifle/Scope.mat using Guid(9aeb5a875c8c8c945b1a26ed57520de6) Importer(815301076,1909f56bfc062723c751e8b465ee728b)  -> (artifact id: '24d9a0407b87f238421bc78b93fa3f54') in 0.013764 seconds 
========================================================================
Received Import Request.
  Time since last request: 53.448879 seconds.
  path: Assets/Materials/Rifle/Charger.mat
  artifactKey: Guid(d0f839a2415994c40a76fdd6dd541736) Importer(815301076,1909f56bfc062723c751e8b465ee728b)
Start importing Assets/Materials/Rifle/Charger.mat using Guid(d0f839a2415994c40a76fdd6dd541736) Importer(815301076,1909f56bfc062723c751e8b465ee728b)  -> (artifact id: 'd9be0129e3fa9ce91343a9b4e2a978cf') in 0.019749 seconds 
========================================================================
Received Import Request.
  Time since last request: 102.248416 seconds.
  path: Assets/Materials/Rifle/New Material.mat
  artifactKey: Guid(7aa534bc74f08574eb8c6cd594b8e053) Importer(815301076,1909f56bfc062723c751e8b465ee728b)
Start importing Assets/Materials/Rifle/New Material.mat using Guid(7aa534bc74f08574eb8c6cd594b8e053) Importer(815301076,1909f56bfc062723c751e8b465ee728b)  -> (artifact id: '09addb8c578d688d9e32ef5c274c8858') in 0.011410 seconds 
========================================================================
Received Import Request.
  Time since last request: 130.436273 seconds.
  path: Assets/Materials/Rifle/New Material 1.mat
  artifactKey: Guid(27e1791338277e94ebf08243f17e61d7) Importer(815301076,1909f56bfc062723c751e8b465ee728b)
Start importing Assets/Materials/Rifle/New Material 1.mat using Guid(27e1791338277e94ebf08243f17e61d7) Importer(815301076,1909f56bfc062723c751e8b465ee728b)  -> (artifact id: 'b6a133e61f864d98b05f382797ee78ad') in 0.031075 seconds 
========================================================================
Received Import Request.
  Time since last request: 116.288074 seconds.
  path: Assets/Scripts/WeaponManager.cs
  artifactKey: Guid(559a9fa3a82d3b14f9f7e6e979a1cfe8) Importer(815301076,1909f56bfc062723c751e8b465ee728b)
Start importing Assets/Scripts/WeaponManager.cs using Guid(559a9fa3a82d3b14f9f7e6e979a1cfe8) Importer(815301076,1909f56bfc062723c751e8b465ee728b)  -> (artifact id: '1155aaf4ceb7829725256f8c4fd949c3') in 0.095108 seconds 
========================================================================
Received Import Request.
  Time since last request: 213.829734 seconds.
  path: Assets/Scripts/PlayerWeapon.cs
  artifactKey: Guid(7051c473374ee604fa873fca0a3a442e) Importer(815301076,1909f56bfc062723c751e8b465ee728b)
Start importing Assets/Scripts/PlayerWeapon.cs using Guid(7051c473374ee604fa873fca0a3a442e) Importer(815301076,1909f56bfc062723c751e8b465ee728b)  -> (artifact id: '9dc8d19ce3ddd5a5d1bc7800af422932') in 0.005864 seconds 
========================================================================
Received Import Request.
  Time since last request: 5.846550 seconds.
  path: Assets/Scripts/WeaponData.cs
  artifactKey: Guid(7051c473374ee604fa873fca0a3a442e) Importer(815301076,1909f56bfc062723c751e8b465ee728b)
Start importing Assets/Scripts/WeaponData.cs using Guid(7051c473374ee604fa873fca0a3a442e) Importer(815301076,1909f56bfc062723c751e8b465ee728b)  -> (artifact id: '3c1fc1bb994f637526628f6cf91dd4dc') in 0.006221 seconds 
========================================================================
Received Prepare
Registering precompiled user dll's ...
Registered in 0.003801 seconds.
Begin MonoManager ReloadAssembly
Symbol file LoadedFromMemory doesn't match image D:\Users\ghost\Bureau\Projets C#\FPSUnity\FPS\Library\PackageCache\com.unity.visualscripting@1.7.8\Editor\VisualScripting.Core\Dependencies\YamlDotNet\Unity.VisualScripting.YamlDotNet.dll
Symbol file LoadedFromMemory doesn't match image D:\Users\ghost\Bureau\Projets C#\FPSUnity\FPS\Library\PackageCache\com.unity.visualscripting@1.7.8\Editor\VisualScripting.Core\Dependencies\DotNetZip\Unity.VisualScripting.IonicZip.dll
Native extension for WindowsStandalone target not found
Native extension for WebGL target not found
Refreshing native plugins compatible for Editor in 0.69 ms, found 3 plugins.
Preloading 0 native plugins for Editor in 0.00 ms.
Mono: successfully reloaded assembly
- Completed reload, in  0.882 seconds
Domain Reload Profiling:
	ReloadAssembly (883ms)
		BeginReloadAssembly (121ms)
			ExecutionOrderSort (0ms)
			DisableScriptedObjects (4ms)
			BackupInstance (0ms)
			ReleaseScriptingObjects (0ms)
			CreateAndSetChildDomain (38ms)
		EndReloadAssembly (667ms)
			LoadAssemblies (65ms)
			RebuildTransferFunctionScriptingTraits (0ms)
			SetupTypeCache (247ms)
			ReleaseScriptCaches (2ms)
			RebuildScriptCaches (45ms)
			SetupLoadedEditorAssemblies (269ms)
				LogAssemblyErrors (0ms)
				InitializePlatformSupportModulesInManaged (10ms)
				SetLoadedEditorAssemblies (0ms)
				RefreshPlugins (1ms)
				BeforeProcessingInitializeOnLoad (54ms)
				ProcessInitializeOnLoadAttributes (171ms)
				ProcessInitializeOnLoadMethodAttributes (30ms)
				AfterProcessingInitializeOnLoad (2ms)
				EditorAssembliesLoaded (0ms)
			ExecutionOrderSort2 (0ms)
			AwakeInstancesAfterBackupRestoration (5ms)
Platform modules already initialized, skipping
Refreshing native plugins compatible for Editor in 1.79 ms, found 3 plugins.
Preloading 0 native plugins for Editor in 0.00 ms.
Unloading 3702 Unused Serialized files (Serialized files now loaded: 0)
Unloading 25 unused Assets / (79.5 KB). Loaded Objects now: 4226.
Memory consumption went from 133.9 MB to 133.8 MB.
Total: 3.062200 ms (FindLiveObjects: 0.317700 ms CreateObjectMapping: 0.118900 ms MarkObjects: 2.505100 ms  DeleteObjects: 0.119400 ms)

AssetImportParameters requested are different than current active one (requested -> active):
  custom:video-decoder-ogg-theora: a1e56fd34408186e4bbccfd4996cb3dc -> 
  custom:container-muxer-webm: aa71ff27fc2769a1b78a27578f13a17b -> 
  custom:container-demuxer-webm: 4f35f7cbe854078d1ac9338744f61a02 -> 
  custom:video-encoder-webm-vp8: eb34c28f22e8b96e1ab97ce403110664 -> 
  custom:audio-encoder-webm-vorbis: bf7c407c2cedff20999df2af8eb42d56 -> 
  custom:framework-win-MediaFoundation: 216162199b28c13a410421893ffa2e32 -> 
  custom:container-demuxer-ogg: 62fdf1f143b41e24485cea50d1cbac27 -> 
  custom:video-decoder-webm-vp8: 9c59270c3fd7afecdb556c50c9e8de78 -> 
  custom:audio-decoder-ogg-vorbis: bf7c407c2cedff20999df2af8eb42d56 -> 
========================================================================
Received Import Request.
  Time since last request: 194.291784 seconds.
  path: Assets/Prefabs/PlayerPreFab.prefab
  artifactKey: Guid(41c740bffdb85ff4f9d35b872768a952) Importer(815301076,1909f56bfc062723c751e8b465ee728b)
Start importing Assets/Prefabs/PlayerPreFab.prefab using Guid(41c740bffdb85ff4f9d35b872768a952) Importer(815301076,1909f56bfc062723c751e8b465ee728b)  -> (artifact id: '31bfb421eafe06abee4d3d5b00128326') in 0.893243 seconds 
========================================================================
Received Import Request.
  Time since last request: 27.691430 seconds.
  path: Assets/Scripts/Weapons
  artifactKey: Guid(01384ae3240ebbb49b62945ffd06ccbc) Importer(815301076,1909f56bfc062723c751e8b465ee728b)
Start importing Assets/Scripts/Weapons using Guid(01384ae3240ebbb49b62945ffd06ccbc) Importer(815301076,1909f56bfc062723c751e8b465ee728b)  -> (artifact id: 'b66e319d383bb433f49feb0fc3c2c36d') in 0.015750 seconds 
========================================================================
Received Import Request.
  Time since last request: 14.094385 seconds.
  path: Assets/Scripts/Weapons/WeaponData.asset
  artifactKey: Guid(77538948d70e11f4f87d197c5c77588d) Importer(815301076,1909f56bfc062723c751e8b465ee728b)
Start importing Assets/Scripts/Weapons/WeaponData.asset using Guid(77538948d70e11f4f87d197c5c77588d) Importer(815301076,1909f56bfc062723c751e8b465ee728b)  -> (artifact id: 'b8df0105389213eb06d3092cdd0e1532') in 0.004385 seconds 
========================================================================
Received Import Request.
  Time since last request: 16.461273 seconds.
  path: Assets/Scripts/Weapons/Rifle.asset
  artifactKey: Guid(77538948d70e11f4f87d197c5c77588d) Importer(815301076,1909f56bfc062723c751e8b465ee728b)
Start importing Assets/Scripts/Weapons/Rifle.asset using Guid(77538948d70e11f4f87d197c5c77588d) Importer(815301076,1909f56bfc062723c751e8b465ee728b)  -> (artifact id: '15911db4b6afb48154920fc04b71000a') in 0.002723 seconds 
========================================================================
Received Import Request.
  Time since last request: 62.938281 seconds.
  path: Assets/Scripts/Weapons/AK47-U.asset
  artifactKey: Guid(f069e594e4dcb9544ae584fe3d0e7506) Importer(815301076,1909f56bfc062723c751e8b465ee728b)
Start importing Assets/Scripts/Weapons/AK47-U.asset using Guid(f069e594e4dcb9544ae584fe3d0e7506) Importer(815301076,1909f56bfc062723c751e8b465ee728b)  -> (artifact id: 'f540c11a57ce86bd5cb7345e4a5d7116') in 0.005912 seconds 
========================================================================
Received Import Request.
  Time since last request: 46.277653 seconds.
  path: Assets/Prefabs/PlayerPreFab.prefab
  artifactKey: Guid(41c740bffdb85ff4f9d35b872768a952) Importer(815301076,1909f56bfc062723c751e8b465ee728b)
Start importing Assets/Prefabs/PlayerPreFab.prefab using Guid(41c740bffdb85ff4f9d35b872768a952) Importer(815301076,1909f56bfc062723c751e8b465ee728b)  -> (artifact id: '4a097e6ccd5700b6294bd26450294e73') in 0.076128 seconds 
========================================================================
Received Import Request.
  Time since last request: 100.576699 seconds.
  path: Assets/Prefabs/PlayerPreFab.prefab
  artifactKey: Guid(41c740bffdb85ff4f9d35b872768a952) Importer(815301076,1909f56bfc062723c751e8b465ee728b)
Start importing Assets/Prefabs/PlayerPreFab.prefab using Guid(41c740bffdb85ff4f9d35b872768a952) Importer(815301076,1909f56bfc062723c751e8b465ee728b)  -> (artifact id: '441a941a620dee5ce5b08957afa0a3bf') in 0.073729 seconds 
========================================================================
Received Prepare
Registering precompiled user dll's ...
Registered in 0.005384 seconds.
Begin MonoManager ReloadAssembly
Symbol file LoadedFromMemory doesn't match image D:\Users\ghost\Bureau\Projets C#\FPSUnity\FPS\Library\PackageCache\com.unity.visualscripting@1.7.8\Editor\VisualScripting.Core\Dependencies\YamlDotNet\Unity.VisualScripting.YamlDotNet.dll
Symbol file LoadedFromMemory doesn't match image D:\Users\ghost\Bureau\Projets C#\FPSUnity\FPS\Library\PackageCache\com.unity.visualscripting@1.7.8\Editor\VisualScripting.Core\Dependencies\DotNetZip\Unity.VisualScripting.IonicZip.dll
Native extension for WindowsStandalone target not found
Native extension for WebGL target not found
Refreshing native plugins compatible for Editor in 0.80 ms, found 3 plugins.
Preloading 0 native plugins for Editor in 0.00 ms.
Mono: successfully reloaded assembly
- Completed reload, in  0.942 seconds
Domain Reload Profiling:
	ReloadAssembly (943ms)
		BeginReloadAssembly (117ms)
			ExecutionOrderSort (0ms)
			DisableScriptedObjects (4ms)
			BackupInstance (0ms)
			ReleaseScriptingObjects (0ms)
			CreateAndSetChildDomain (37ms)
		EndReloadAssembly (740ms)
			LoadAssemblies (69ms)
			RebuildTransferFunctionScriptingTraits (0ms)
			SetupTypeCache (262ms)
			ReleaseScriptCaches (1ms)
			RebuildScriptCaches (40ms)
			SetupLoadedEditorAssemblies (324ms)
				LogAssemblyErrors (0ms)
				InitializePlatformSupportModulesInManaged (13ms)
				SetLoadedEditorAssemblies (0ms)
				RefreshPlugins (1ms)
				BeforeProcessingInitializeOnLoad (61ms)
				ProcessInitializeOnLoadAttributes (208ms)
				ProcessInitializeOnLoadMethodAttributes (37ms)
				AfterProcessingInitializeOnLoad (2ms)
				EditorAssembliesLoaded (0ms)
			ExecutionOrderSort2 (0ms)
			AwakeInstancesAfterBackupRestoration (6ms)
Platform modules already initialized, skipping
Refreshing native plugins compatible for Editor in 1.67 ms, found 3 plugins.
Preloading 0 native plugins for Editor in 0.00 ms.
Unloading 3702 Unused Serialized files (Serialized files now loaded: 0)
Unloading 31 unused Assets / (82.3 KB). Loaded Objects now: 4230.
Memory consumption went from 134.1 MB to 134.0 MB.
Total: 3.144400 ms (FindLiveObjects: 0.319000 ms CreateObjectMapping: 0.107400 ms MarkObjects: 2.558100 ms  DeleteObjects: 0.158900 ms)

AssetImportParameters requested are different than current active one (requested -> active):
  custom:video-decoder-ogg-theora: a1e56fd34408186e4bbccfd4996cb3dc -> 
  custom:container-muxer-webm: aa71ff27fc2769a1b78a27578f13a17b -> 
  custom:container-demuxer-webm: 4f35f7cbe854078d1ac9338744f61a02 -> 
  custom:video-encoder-webm-vp8: eb34c28f22e8b96e1ab97ce403110664 -> 
  custom:audio-encoder-webm-vorbis: bf7c407c2cedff20999df2af8eb42d56 -> 
  custom:framework-win-MediaFoundation: 216162199b28c13a410421893ffa2e32 -> 
  custom:container-demuxer-ogg: 62fdf1f143b41e24485cea50d1cbac27 -> 
  custom:video-decoder-webm-vp8: 9c59270c3fd7afecdb556c50c9e8de78 -> 
  custom:audio-decoder-ogg-vorbis: bf7c407c2cedff20999df2af8eb42d56 -> 
========================================================================
Received Import Request.
  Time since last request: 18.227852 seconds.
  path: Assets/Scenes/SampleScene.unity
  artifactKey: Guid(9fc0d4010bbf28b4594072e72b8655ab) Importer(815301076,1909f56bfc062723c751e8b465ee728b)
Start importing Assets/Scenes/SampleScene.unity using Guid(9fc0d4010bbf28b4594072e72b8655ab) Importer(815301076,1909f56bfc062723c751e8b465ee728b)  -> (artifact id: 'f3734cb047f99d4e2dc64a3d4d7df3dd') in 0.011450 seconds 
========================================================================
Received Import Request.
  Time since last request: 7.247010 seconds.
  path: Assets/Prefabs/PlayerPreFab.prefab
  artifactKey: Guid(41c740bffdb85ff4f9d35b872768a952) Importer(815301076,1909f56bfc062723c751e8b465ee728b)
Start importing Assets/Prefabs/PlayerPreFab.prefab using Guid(41c740bffdb85ff4f9d35b872768a952) Importer(815301076,1909f56bfc062723c751e8b465ee728b)  -> (artifact id: '65ac1b691782158cfddd347117f6cecf') in 0.143591 seconds 
========================================================================
Received Import Request.
  Time since last request: 10.500953 seconds.
  path: Assets/Prefabs/PlayerPreFab.prefab
  artifactKey: Guid(41c740bffdb85ff4f9d35b872768a952) Importer(815301076,1909f56bfc062723c751e8b465ee728b)
Start importing Assets/Prefabs/PlayerPreFab.prefab using Guid(41c740bffdb85ff4f9d35b872768a952) Importer(815301076,1909f56bfc062723c751e8b465ee728b)  -> (artifact id: '2865b63a74fd0e7855f5ca4e9c86704d') in 0.063558 seconds 
========================================================================
Received Prepare
Registering precompiled user dll's ...
Registered in 0.003935 seconds.
Begin MonoManager ReloadAssembly
Symbol file LoadedFromMemory doesn't match image D:\Users\ghost\Bureau\Projets C#\FPSUnity\FPS\Library\PackageCache\com.unity.visualscripting@1.7.8\Editor\VisualScripting.Core\Dependencies\YamlDotNet\Unity.VisualScripting.YamlDotNet.dll
Symbol file LoadedFromMemory doesn't match image D:\Users\ghost\Bureau\Projets C#\FPSUnity\FPS\Library\PackageCache\com.unity.visualscripting@1.7.8\Editor\VisualScripting.Core\Dependencies\DotNetZip\Unity.VisualScripting.IonicZip.dll
Native extension for WindowsStandalone target not found
Native extension for WebGL target not found
Refreshing native plugins compatible for Editor in 0.64 ms, found 3 plugins.
Preloading 0 native plugins for Editor in 0.00 ms.
Mono: successfully reloaded assembly
- Completed reload, in  0.949 seconds
Domain Reload Profiling:
	ReloadAssembly (950ms)
		BeginReloadAssembly (114ms)
			ExecutionOrderSort (0ms)
			DisableScriptedObjects (4ms)
			BackupInstance (0ms)
			ReleaseScriptingObjects (0ms)
			CreateAndSetChildDomain (36ms)
		EndReloadAssembly (751ms)
			LoadAssemblies (68ms)
			RebuildTransferFunctionScriptingTraits (0ms)
			SetupTypeCache (260ms)
			ReleaseScriptCaches (2ms)
			RebuildScriptCaches (40ms)
			SetupLoadedEditorAssemblies (329ms)
				LogAssemblyErrors (0ms)
				InitializePlatformSupportModulesInManaged (11ms)
				SetLoadedEditorAssemblies (0ms)
				RefreshPlugins (1ms)
				BeforeProcessingInitializeOnLoad (63ms)
				ProcessInitializeOnLoadAttributes (212ms)
				ProcessInitializeOnLoadMethodAttributes (39ms)
				AfterProcessingInitializeOnLoad (3ms)
				EditorAssembliesLoaded (0ms)
			ExecutionOrderSort2 (0ms)
			AwakeInstancesAfterBackupRestoration (5ms)
Platform modules already initialized, skipping
Refreshing native plugins compatible for Editor in 1.90 ms, found 3 plugins.
Preloading 0 native plugins for Editor in 0.00 ms.
Unloading 3702 Unused Serialized files (Serialized files now loaded: 0)
Unloading 31 unused Assets / (82.1 KB). Loaded Objects now: 4233.
Memory consumption went from 134.1 MB to 134.0 MB.
Total: 4.023300 ms (FindLiveObjects: 0.376300 ms CreateObjectMapping: 0.104800 ms MarkObjects: 3.369000 ms  DeleteObjects: 0.171700 ms)

AssetImportParameters requested are different than current active one (requested -> active):
  custom:video-decoder-ogg-theora: a1e56fd34408186e4bbccfd4996cb3dc -> 
  custom:container-muxer-webm: aa71ff27fc2769a1b78a27578f13a17b -> 
  custom:container-demuxer-webm: 4f35f7cbe854078d1ac9338744f61a02 -> 
  custom:video-encoder-webm-vp8: eb34c28f22e8b96e1ab97ce403110664 -> 
  custom:audio-encoder-webm-vorbis: bf7c407c2cedff20999df2af8eb42d56 -> 
  custom:framework-win-MediaFoundation: 216162199b28c13a410421893ffa2e32 -> 
  custom:container-demuxer-ogg: 62fdf1f143b41e24485cea50d1cbac27 -> 
  custom:video-decoder-webm-vp8: 9c59270c3fd7afecdb556c50c9e8de78 -> 
  custom:audio-decoder-ogg-vorbis: bf7c407c2cedff20999df2af8eb42d56 -> 
========================================================================
Received Import Request.
  Time since last request: 79.346527 seconds.
  path: Assets/Prefabs/PlayerPreFab.prefab
  artifactKey: Guid(41c740bffdb85ff4f9d35b872768a952) Importer(815301076,1909f56bfc062723c751e8b465ee728b)
Start importing Assets/Prefabs/PlayerPreFab.prefab using Guid(41c740bffdb85ff4f9d35b872768a952) Importer(815301076,1909f56bfc062723c751e8b465ee728b)  -> (artifact id: '7bef77d36fbd5ac563a05412dccfe95d') in 0.162238 seconds 
========================================================================
Received Prepare
Registering precompiled user dll's ...
Registered in 0.005394 seconds.
Begin MonoManager ReloadAssembly
Symbol file LoadedFromMemory doesn't match image D:\Users\ghost\Bureau\Projets C#\FPSUnity\FPS\Library\PackageCache\com.unity.visualscripting@1.7.8\Editor\VisualScripting.Core\Dependencies\YamlDotNet\Unity.VisualScripting.YamlDotNet.dll
Symbol file LoadedFromMemory doesn't match image D:\Users\ghost\Bureau\Projets C#\FPSUnity\FPS\Library\PackageCache\com.unity.visualscripting@1.7.8\Editor\VisualScripting.Core\Dependencies\DotNetZip\Unity.VisualScripting.IonicZip.dll
Native extension for WindowsStandalone target not found
Native extension for WebGL target not found
Refreshing native plugins compatible for Editor in 1.35 ms, found 3 plugins.
Preloading 0 native plugins for Editor in 0.00 ms.
Mono: successfully reloaded assembly
- Completed reload, in  0.930 seconds
Domain Reload Profiling:
	ReloadAssembly (931ms)
		BeginReloadAssembly (114ms)
			ExecutionOrderSort (0ms)
			DisableScriptedObjects (4ms)
			BackupInstance (0ms)
			ReleaseScriptingObjects (0ms)
			CreateAndSetChildDomain (36ms)
		EndReloadAssembly (732ms)
			LoadAssemblies (68ms)
			RebuildTransferFunctionScriptingTraits (0ms)
			SetupTypeCache (266ms)
			ReleaseScriptCaches (2ms)
			RebuildScriptCaches (46ms)
			SetupLoadedEditorAssemblies (310ms)
				LogAssemblyErrors (0ms)
				InitializePlatformSupportModulesInManaged (12ms)
				SetLoadedEditorAssemblies (1ms)
				RefreshPlugins (1ms)
				BeforeProcessingInitializeOnLoad (73ms)
				ProcessInitializeOnLoadAttributes (188ms)
				ProcessInitializeOnLoadMethodAttributes (29ms)
				AfterProcessingInitializeOnLoad (5ms)
				EditorAssembliesLoaded (0ms)
			ExecutionOrderSort2 (0ms)
			AwakeInstancesAfterBackupRestoration (6ms)
Platform modules already initialized, skipping
Refreshing native plugins compatible for Editor in 1.96 ms, found 3 plugins.
Preloading 0 native plugins for Editor in 0.00 ms.
Unloading 3702 Unused Serialized files (Serialized files now loaded: 0)
Unloading 31 unused Assets / (82.2 KB). Loaded Objects now: 4236.
Memory consumption went from 134.1 MB to 134.1 MB.
Total: 3.265300 ms (FindLiveObjects: 0.337900 ms CreateObjectMapping: 0.122900 ms MarkObjects: 2.634100 ms  DeleteObjects: 0.168900 ms)

AssetImportParameters requested are different than current active one (requested -> active):
  custom:video-decoder-ogg-theora: a1e56fd34408186e4bbccfd4996cb3dc -> 
  custom:container-muxer-webm: aa71ff27fc2769a1b78a27578f13a17b -> 
  custom:container-demuxer-webm: 4f35f7cbe854078d1ac9338744f61a02 -> 
  custom:video-encoder-webm-vp8: eb34c28f22e8b96e1ab97ce403110664 -> 
  custom:audio-encoder-webm-vorbis: bf7c407c2cedff20999df2af8eb42d56 -> 
  custom:framework-win-MediaFoundation: 216162199b28c13a410421893ffa2e32 -> 
  custom:container-demuxer-ogg: 62fdf1f143b41e24485cea50d1cbac27 -> 
  custom:video-decoder-webm-vp8: 9c59270c3fd7afecdb556c50c9e8de78 -> 
  custom:audio-decoder-ogg-vorbis: bf7c407c2cedff20999df2af8eb42d56 -> 
========================================================================
Received Import Request.
  Time since last request: 71.811846 seconds.
  path: Assets/Prefabs/Rifle.prefab
  artifactKey: Guid(2fdead96652adb54487dffe3cfb6ca2a) Importer(815301076,1909f56bfc062723c751e8b465ee728b)
Start importing Assets/Prefabs/Rifle.prefab using Guid(2fdead96652adb54487dffe3cfb6ca2a) Importer(815301076,1909f56bfc062723c751e8b465ee728b)  -> (artifact id: '8abce0abe3eb83f12c7b42659d8f8f6c') in 0.081127 seconds 
========================================================================
Received Prepare
Registering precompiled user dll's ...
Registered in 0.003884 seconds.
Begin MonoManager ReloadAssembly
Symbol file LoadedFromMemory doesn't match image D:\Users\ghost\Bureau\Projets C#\FPSUnity\FPS\Library\PackageCache\com.unity.visualscripting@1.7.8\Editor\VisualScripting.Core\Dependencies\YamlDotNet\Unity.VisualScripting.YamlDotNet.dll
Symbol file LoadedFromMemory doesn't match image D:\Users\ghost\Bureau\Projets C#\FPSUnity\FPS\Library\PackageCache\com.unity.visualscripting@1.7.8\Editor\VisualScripting.Core\Dependencies\DotNetZip\Unity.VisualScripting.IonicZip.dll
Native extension for WindowsStandalone target not found
Native extension for WebGL target not found
Refreshing native plugins compatible for Editor in 0.98 ms, found 3 plugins.
Preloading 0 native plugins for Editor in 0.00 ms.
Mono: successfully reloaded assembly
- Completed reload, in  0.882 seconds
Domain Reload Profiling:
	ReloadAssembly (883ms)
		BeginReloadAssembly (111ms)
			ExecutionOrderSort (0ms)
			DisableScriptedObjects (4ms)
			BackupInstance (0ms)
			ReleaseScriptingObjects (0ms)
			CreateAndSetChildDomain (36ms)
		EndReloadAssembly (688ms)
			LoadAssemblies (64ms)
			RebuildTransferFunctionScriptingTraits (0ms)
			SetupTypeCache (253ms)
			ReleaseScriptCaches (2ms)
			RebuildScriptCaches (39ms)
			SetupLoadedEditorAssemblies (289ms)
				LogAssemblyErrors (0ms)
				InitializePlatformSupportModulesInManaged (15ms)
				SetLoadedEditorAssemblies (0ms)
				RefreshPlugins (1ms)
				BeforeProcessingInitializeOnLoad (62ms)
				ProcessInitializeOnLoadAttributes (175ms)
				ProcessInitializeOnLoadMethodAttributes (30ms)
				AfterProcessingInitializeOnLoad (5ms)
				EditorAssembliesLoaded (0ms)
			ExecutionOrderSort2 (0ms)
			AwakeInstancesAfterBackupRestoration (5ms)
Platform modules already initialized, skipping
Refreshing native plugins compatible for Editor in 2.83 ms, found 3 plugins.
Preloading 0 native plugins for Editor in 0.00 ms.
Unloading 3702 Unused Serialized files (Serialized files now loaded: 0)
Unloading 25 unused Assets / (79.5 KB). Loaded Objects now: 4239.
Memory consumption went from 134.1 MB to 134.0 MB.
Total: 3.184000 ms (FindLiveObjects: 0.373000 ms CreateObjectMapping: 0.114500 ms MarkObjects: 2.585600 ms  DeleteObjects: 0.109300 ms)

AssetImportParameters requested are different than current active one (requested -> active):
  custom:video-decoder-ogg-theora: a1e56fd34408186e4bbccfd4996cb3dc -> 
  custom:container-muxer-webm: aa71ff27fc2769a1b78a27578f13a17b -> 
  custom:container-demuxer-webm: 4f35f7cbe854078d1ac9338744f61a02 -> 
  custom:video-encoder-webm-vp8: eb34c28f22e8b96e1ab97ce403110664 -> 
  custom:audio-encoder-webm-vorbis: bf7c407c2cedff20999df2af8eb42d56 -> 
  custom:framework-win-MediaFoundation: 216162199b28c13a410421893ffa2e32 -> 
  custom:container-demuxer-ogg: 62fdf1f143b41e24485cea50d1cbac27 -> 
  custom:video-decoder-webm-vp8: 9c59270c3fd7afecdb556c50c9e8de78 -> 
  custom:audio-decoder-ogg-vorbis: bf7c407c2cedff20999df2af8eb42d56 -> 
========================================================================
Received Prepare
Registering precompiled user dll's ...
Registered in 0.003772 seconds.
Begin MonoManager ReloadAssembly
Symbol file LoadedFromMemory doesn't match image D:\Users\ghost\Bureau\Projets C#\FPSUnity\FPS\Library\PackageCache\com.unity.visualscripting@1.7.8\Editor\VisualScripting.Core\Dependencies\YamlDotNet\Unity.VisualScripting.YamlDotNet.dll
Symbol file LoadedFromMemory doesn't match image D:\Users\ghost\Bureau\Projets C#\FPSUnity\FPS\Library\PackageCache\com.unity.visualscripting@1.7.8\Editor\VisualScripting.Core\Dependencies\DotNetZip\Unity.VisualScripting.IonicZip.dll
Native extension for WindowsStandalone target not found
Native extension for WebGL target not found
Refreshing native plugins compatible for Editor in 1.32 ms, found 3 plugins.
Preloading 0 native plugins for Editor in 0.00 ms.
Mono: successfully reloaded assembly
- Completed reload, in  0.936 seconds
Domain Reload Profiling:
	ReloadAssembly (937ms)
		BeginReloadAssembly (126ms)
			ExecutionOrderSort (0ms)
			DisableScriptedObjects (5ms)
			BackupInstance (0ms)
			ReleaseScriptingObjects (0ms)
			CreateAndSetChildDomain (33ms)
		EndReloadAssembly (722ms)
			LoadAssemblies (79ms)
			RebuildTransferFunctionScriptingTraits (0ms)
			SetupTypeCache (280ms)
			ReleaseScriptCaches (1ms)
			RebuildScriptCaches (41ms)
			SetupLoadedEditorAssemblies (290ms)
				LogAssemblyErrors (0ms)
				InitializePlatformSupportModulesInManaged (11ms)
				SetLoadedEditorAssemblies (0ms)
				RefreshPlugins (1ms)
				BeforeProcessingInitializeOnLoad (61ms)
				ProcessInitializeOnLoadAttributes (182ms)
				ProcessInitializeOnLoadMethodAttributes (31ms)
				AfterProcessingInitializeOnLoad (2ms)
				EditorAssembliesLoaded (0ms)
			ExecutionOrderSort2 (0ms)
			AwakeInstancesAfterBackupRestoration (5ms)
Platform modules already initialized, skipping
Refreshing native plugins compatible for Editor in 2.55 ms, found 3 plugins.
Preloading 0 native plugins for Editor in 0.00 ms.
Unloading 3702 Unused Serialized files (Serialized files now loaded: 0)
Unloading 25 unused Assets / (79.6 KB). Loaded Objects now: 4242.
Memory consumption went from 134.1 MB to 134.0 MB.
Total: 3.101800 ms (FindLiveObjects: 0.341900 ms CreateObjectMapping: 0.104900 ms MarkObjects: 2.497900 ms  DeleteObjects: 0.156000 ms)

AssetImportParameters requested are different than current active one (requested -> active):
  custom:video-decoder-ogg-theora: a1e56fd34408186e4bbccfd4996cb3dc -> 
  custom:container-muxer-webm: aa71ff27fc2769a1b78a27578f13a17b -> 
  custom:container-demuxer-webm: 4f35f7cbe854078d1ac9338744f61a02 -> 
  custom:video-encoder-webm-vp8: eb34c28f22e8b96e1ab97ce403110664 -> 
  custom:audio-encoder-webm-vorbis: bf7c407c2cedff20999df2af8eb42d56 -> 
  custom:framework-win-MediaFoundation: 216162199b28c13a410421893ffa2e32 -> 
  custom:container-demuxer-ogg: 62fdf1f143b41e24485cea50d1cbac27 -> 
  custom:video-decoder-webm-vp8: 9c59270c3fd7afecdb556c50c9e8de78 -> 
  custom:audio-decoder-ogg-vorbis: bf7c407c2cedff20999df2af8eb42d56 -> 
========================================================================
Received Import Request.
  Time since last request: 130.588062 seconds.
  path: Assets/Scenes/SampleScene.unity
  artifactKey: Guid(9fc0d4010bbf28b4594072e72b8655ab) Importer(815301076,1909f56bfc062723c751e8b465ee728b)
Start importing Assets/Scenes/SampleScene.unity using Guid(9fc0d4010bbf28b4594072e72b8655ab) Importer(815301076,1909f56bfc062723c751e8b465ee728b)  -> (artifact id: 'f53afccb836583c7e87b1f5dfb5c9e03') in 0.008171 seconds 
========================================================================
Received Import Request.
  Time since last request: 184.865223 seconds.
  path: Assets/Prefabs/PlayerPreFab.prefab
  artifactKey: Guid(41c740bffdb85ff4f9d35b872768a952) Importer(815301076,1909f56bfc062723c751e8b465ee728b)
Start importing Assets/Prefabs/PlayerPreFab.prefab using Guid(41c740bffdb85ff4f9d35b872768a952) Importer(815301076,1909f56bfc062723c751e8b465ee728b)  -> (artifact id: 'aedbb0f0f89aad65501602a509cc41b4') in 0.147711 seconds 
========================================================================
Received Prepare
Registering precompiled user dll's ...
Registered in 0.004084 seconds.
Begin MonoManager ReloadAssembly
Symbol file LoadedFromMemory doesn't match image D:\Users\ghost\Bureau\Projets C#\FPSUnity\FPS\Library\PackageCache\com.unity.visualscripting@1.7.8\Editor\VisualScripting.Core\Dependencies\YamlDotNet\Unity.VisualScripting.YamlDotNet.dll
Symbol file LoadedFromMemory doesn't match image D:\Users\ghost\Bureau\Projets C#\FPSUnity\FPS\Library\PackageCache\com.unity.visualscripting@1.7.8\Editor\VisualScripting.Core\Dependencies\DotNetZip\Unity.VisualScripting.IonicZip.dll
Native extension for WindowsStandalone target not found
Native extension for WebGL target not found
Refreshing native plugins compatible for Editor in 1.40 ms, found 3 plugins.
Preloading 0 native plugins for Editor in 0.00 ms.
Mono: successfully reloaded assembly
- Completed reload, in  0.963 seconds
Domain Reload Profiling:
	ReloadAssembly (964ms)
		BeginReloadAssembly (118ms)
			ExecutionOrderSort (0ms)
			DisableScriptedObjects (4ms)
			BackupInstance (0ms)
			ReleaseScriptingObjects (0ms)
			CreateAndSetChildDomain (37ms)
		EndReloadAssembly (756ms)
			LoadAssemblies (68ms)
			RebuildTransferFunctionScriptingTraits (0ms)
			SetupTypeCache (251ms)
			ReleaseScriptCaches (2ms)
			RebuildScriptCaches (45ms)
			SetupLoadedEditorAssemblies (337ms)
				LogAssemblyErrors (0ms)
				InitializePlatformSupportModulesInManaged (14ms)
				SetLoadedEditorAssemblies (1ms)
				RefreshPlugins (2ms)
				BeforeProcessingInitializeOnLoad (61ms)
				ProcessInitializeOnLoadAttributes (213ms)
				ProcessInitializeOnLoadMethodAttributes (42ms)
				AfterProcessingInitializeOnLoad (4ms)
				EditorAssembliesLoaded (0ms)
			ExecutionOrderSort2 (0ms)
			AwakeInstancesAfterBackupRestoration (8ms)
Platform modules already initialized, skipping
Refreshing native plugins compatible for Editor in 2.66 ms, found 3 plugins.
Preloading 0 native plugins for Editor in 0.00 ms.
Unloading 3702 Unused Serialized files (Serialized files now loaded: 0)
Unloading 31 unused Assets / (82.1 KB). Loaded Objects now: 4245.
Memory consumption went from 134.2 MB to 134.1 MB.
Total: 3.096000 ms (FindLiveObjects: 0.340300 ms CreateObjectMapping: 0.114500 ms MarkObjects: 2.478400 ms  DeleteObjects: 0.161600 ms)

AssetImportParameters requested are different than current active one (requested -> active):
  custom:video-decoder-ogg-theora: a1e56fd34408186e4bbccfd4996cb3dc -> 
  custom:container-muxer-webm: aa71ff27fc2769a1b78a27578f13a17b -> 
  custom:container-demuxer-webm: 4f35f7cbe854078d1ac9338744f61a02 -> 
  custom:video-encoder-webm-vp8: eb34c28f22e8b96e1ab97ce403110664 -> 
  custom:audio-encoder-webm-vorbis: bf7c407c2cedff20999df2af8eb42d56 -> 
  custom:framework-win-MediaFoundation: 216162199b28c13a410421893ffa2e32 -> 
  custom:container-demuxer-ogg: 62fdf1f143b41e24485cea50d1cbac27 -> 
  custom:video-decoder-webm-vp8: 9c59270c3fd7afecdb556c50c9e8de78 -> 
  custom:audio-decoder-ogg-vorbis: bf7c407c2cedff20999df2af8eb42d56 -> 
========================================================================
Received Import Request.
  Time since last request: 37.722073 seconds.
  path: Assets/Scenes/SampleScene.unity
  artifactKey: Guid(9fc0d4010bbf28b4594072e72b8655ab) Importer(815301076,1909f56bfc062723c751e8b465ee728b)
Start importing Assets/Scenes/SampleScene.unity using Guid(9fc0d4010bbf28b4594072e72b8655ab) Importer(815301076,1909f56bfc062723c751e8b465ee728b)  -> (artifact id: '70cf33a8b52f0392f1df3d976bb30049') in 0.008015 seconds 
========================================================================
Received Import Request.
  Time since last request: 138.723940 seconds.
  path: Assets/Prefabs/RifleHolder.prefab
  artifactKey: Guid(3d3e592fe6c055a4595df68a4f2420c4) Importer(815301076,1909f56bfc062723c751e8b465ee728b)
Start importing Assets/Prefabs/RifleHolder.prefab using Guid(3d3e592fe6c055a4595df68a4f2420c4) Importer(815301076,1909f56bfc062723c751e8b465ee728b)  -> (artifact id: '15e1ac029410bead05179d39d618cc52') in 0.072112 seconds 
========================================================================
Received Import Request.
  Time since last request: 7.304030 seconds.
  path: Assets/Scripts/Weapons/AK47-U.asset
  artifactKey: Guid(f069e594e4dcb9544ae584fe3d0e7506) Importer(815301076,1909f56bfc062723c751e8b465ee728b)
Start importing Assets/Scripts/Weapons/AK47-U.asset using Guid(f069e594e4dcb9544ae584fe3d0e7506) Importer(815301076,1909f56bfc062723c751e8b465ee728b)  -> (artifact id: 'bd535b1829469618e4e22f55b37cad96') in 0.004866 seconds 
========================================================================
Received Prepare
Registering precompiled user dll's ...
Registered in 0.003678 seconds.
Begin MonoManager ReloadAssembly
Symbol file LoadedFromMemory doesn't match image D:\Users\ghost\Bureau\Projets C#\FPSUnity\FPS\Library\PackageCache\com.unity.visualscripting@1.7.8\Editor\VisualScripting.Core\Dependencies\YamlDotNet\Unity.VisualScripting.YamlDotNet.dll
Symbol file LoadedFromMemory doesn't match image D:\Users\ghost\Bureau\Projets C#\FPSUnity\FPS\Library\PackageCache\com.unity.visualscripting@1.7.8\Editor\VisualScripting.Core\Dependencies\DotNetZip\Unity.VisualScripting.IonicZip.dll
Native extension for WindowsStandalone target not found
Native extension for WebGL target not found
Refreshing native plugins compatible for Editor in 0.95 ms, found 3 plugins.
Preloading 0 native plugins for Editor in 0.00 ms.
Mono: successfully reloaded assembly
- Completed reload, in  0.945 seconds
Domain Reload Profiling:
	ReloadAssembly (946ms)
		BeginReloadAssembly (114ms)
			ExecutionOrderSort (0ms)
			DisableScriptedObjects (4ms)
			BackupInstance (0ms)
			ReleaseScriptingObjects (0ms)
			CreateAndSetChildDomain (37ms)
		EndReloadAssembly (750ms)
			LoadAssemblies (68ms)
			RebuildTransferFunctionScriptingTraits (0ms)
			SetupTypeCache (247ms)
			ReleaseScriptCaches (2ms)
			RebuildScriptCaches (59ms)
			SetupLoadedEditorAssemblies (328ms)
				LogAssemblyErrors (0ms)
				InitializePlatformSupportModulesInManaged (12ms)
				SetLoadedEditorAssemblies (1ms)
				RefreshPlugins (1ms)
				BeforeProcessingInitializeOnLoad (71ms)
				ProcessInitializeOnLoadAttributes (200ms)
				ProcessInitializeOnLoadMethodAttributes (36ms)
				AfterProcessingInitializeOnLoad (6ms)
				EditorAssembliesLoaded (0ms)
			ExecutionOrderSort2 (0ms)
			AwakeInstancesAfterBackupRestoration (6ms)
Platform modules already initialized, skipping
Refreshing native plugins compatible for Editor in 2.45 ms, found 3 plugins.
Preloading 0 native plugins for Editor in 0.00 ms.
Unloading 3702 Unused Serialized files (Serialized files now loaded: 0)
Unloading 25 unused Assets / (79.6 KB). Loaded Objects now: 4248.
Memory consumption went from 134.2 MB to 134.1 MB.
Total: 3.140100 ms (FindLiveObjects: 0.334500 ms CreateObjectMapping: 0.101200 ms MarkObjects: 2.599600 ms  DeleteObjects: 0.103800 ms)

AssetImportParameters requested are different than current active one (requested -> active):
  custom:video-decoder-ogg-theora: a1e56fd34408186e4bbccfd4996cb3dc -> 
  custom:container-muxer-webm: aa71ff27fc2769a1b78a27578f13a17b -> 
  custom:container-demuxer-webm: 4f35f7cbe854078d1ac9338744f61a02 -> 
  custom:video-encoder-webm-vp8: eb34c28f22e8b96e1ab97ce403110664 -> 
  custom:audio-encoder-webm-vorbis: bf7c407c2cedff20999df2af8eb42d56 -> 
  custom:framework-win-MediaFoundation: 216162199b28c13a410421893ffa2e32 -> 
  custom:container-demuxer-ogg: 62fdf1f143b41e24485cea50d1cbac27 -> 
  custom:video-decoder-webm-vp8: 9c59270c3fd7afecdb556c50c9e8de78 -> 
  custom:audio-decoder-ogg-vorbis: bf7c407c2cedff20999df2af8eb42d56 -> 
========================================================================
Received Import Request.
  Time since last request: 53.829893 seconds.
  path: Assets/Scenes/SampleScene.unity
  artifactKey: Guid(9fc0d4010bbf28b4594072e72b8655ab) Importer(815301076,1909f56bfc062723c751e8b465ee728b)
Start importing Assets/Scenes/SampleScene.unity using Guid(9fc0d4010bbf28b4594072e72b8655ab) Importer(815301076,1909f56bfc062723c751e8b465ee728b)  -> (artifact id: '37c763a9c7108ba98e62da4c434f8f72') in 0.007527 seconds 
========================================================================
Received Import Request.
  Time since last request: 6.521707 seconds.
  path: Assets/Scripts/Weapons/AK47-U.asset
  artifactKey: Guid(f069e594e4dcb9544ae584fe3d0e7506) Importer(815301076,1909f56bfc062723c751e8b465ee728b)
Start importing Assets/Scripts/Weapons/AK47-U.asset using Guid(f069e594e4dcb9544ae584fe3d0e7506) Importer(815301076,1909f56bfc062723c751e8b465ee728b)  -> (artifact id: 'b6aa1595065cca9073db8b1972441d82') in 0.809443 seconds 
========================================================================
Received Import Request.
  Time since last request: 12.888876 seconds.
  path: Assets/Scripts/Weapons/Rifle.asset
  artifactKey: Guid(77538948d70e11f4f87d197c5c77588d) Importer(815301076,1909f56bfc062723c751e8b465ee728b)
Start importing Assets/Scripts/Weapons/Rifle.asset using Guid(77538948d70e11f4f87d197c5c77588d) Importer(815301076,1909f56bfc062723c751e8b465ee728b)  -> (artifact id: 'ef36d7b18fc5f87176f0646e35272624') in 0.005417 seconds 
========================================================================
Received Import Request.
  Time since last request: 0.000020 seconds.
  path: Assets/Prefabs/PlayerPreFab.prefab
  artifactKey: Guid(41c740bffdb85ff4f9d35b872768a952) Importer(815301076,1909f56bfc062723c751e8b465ee728b)
Start importing Assets/Prefabs/PlayerPreFab.prefab using Guid(41c740bffdb85ff4f9d35b872768a952) Importer(815301076,1909f56bfc062723c751e8b465ee728b)  -> (artifact id: '7722cb088a0ac57c0ad0bdf65b5314db') in 0.154565 seconds 
========================================================================
Received Prepare
Registering precompiled user dll's ...
Registered in 0.003848 seconds.
Begin MonoManager ReloadAssembly
Symbol file LoadedFromMemory doesn't match image D:\Users\ghost\Bureau\Projets C#\FPSUnity\FPS\Library\PackageCache\com.unity.visualscripting@1.7.8\Editor\VisualScripting.Core\Dependencies\YamlDotNet\Unity.VisualScripting.YamlDotNet.dll
Symbol file LoadedFromMemory doesn't match image D:\Users\ghost\Bureau\Projets C#\FPSUnity\FPS\Library\PackageCache\com.unity.visualscripting@1.7.8\Editor\VisualScripting.Core\Dependencies\DotNetZip\Unity.VisualScripting.IonicZip.dll
Native extension for WindowsStandalone target not found
Native extension for WebGL target not found
Refreshing native plugins compatible for Editor in 0.81 ms, found 3 plugins.
Preloading 0 native plugins for Editor in 0.00 ms.
Mono: successfully reloaded assembly
- Completed reload, in  0.950 seconds
Domain Reload Profiling:
	ReloadAssembly (950ms)
		BeginReloadAssembly (115ms)
			ExecutionOrderSort (0ms)
			DisableScriptedObjects (4ms)
			BackupInstance (0ms)
			ReleaseScriptingObjects (0ms)
			CreateAndSetChildDomain (36ms)
		EndReloadAssembly (744ms)
			LoadAssemblies (70ms)
			RebuildTransferFunctionScriptingTraits (0ms)
			SetupTypeCache (254ms)
			ReleaseScriptCaches (2ms)
			RebuildScriptCaches (42ms)
			SetupLoadedEditorAssemblies (325ms)
				LogAssemblyErrors (0ms)
				InitializePlatformSupportModulesInManaged (11ms)
				SetLoadedEditorAssemblies (0ms)
				RefreshPlugins (1ms)
				BeforeProcessingInitializeOnLoad (68ms)
				ProcessInitializeOnLoadAttributes (203ms)
				ProcessInitializeOnLoadMethodAttributes (38ms)
				AfterProcessingInitializeOnLoad (3ms)
				EditorAssembliesLoaded (0ms)
			ExecutionOrderSort2 (0ms)
			AwakeInstancesAfterBackupRestoration (6ms)
Platform modules already initialized, skipping
Refreshing native plugins compatible for Editor in 1.93 ms, found 3 plugins.
Preloading 0 native plugins for Editor in 0.00 ms.
Unloading 3702 Unused Serialized files (Serialized files now loaded: 0)
Unloading 31 unused Assets / (82.1 KB). Loaded Objects now: 4251.
Memory consumption went from 134.3 MB to 134.2 MB.
Total: 3.297400 ms (FindLiveObjects: 0.351300 ms CreateObjectMapping: 0.098700 ms MarkObjects: 2.657500 ms  DeleteObjects: 0.189300 ms)

AssetImportParameters requested are different than current active one (requested -> active):
  custom:video-decoder-ogg-theora: a1e56fd34408186e4bbccfd4996cb3dc -> 
  custom:container-muxer-webm: aa71ff27fc2769a1b78a27578f13a17b -> 
  custom:container-demuxer-webm: 4f35f7cbe854078d1ac9338744f61a02 -> 
  custom:video-encoder-webm-vp8: eb34c28f22e8b96e1ab97ce403110664 -> 
  custom:audio-encoder-webm-vorbis: bf7c407c2cedff20999df2af8eb42d56 -> 
  custom:framework-win-MediaFoundation: 216162199b28c13a410421893ffa2e32 -> 
  custom:container-demuxer-ogg: 62fdf1f143b41e24485cea50d1cbac27 -> 
  custom:video-decoder-webm-vp8: 9c59270c3fd7afecdb556c50c9e8de78 -> 
  custom:audio-decoder-ogg-vorbis: bf7c407c2cedff20999df2af8eb42d56 -> 
========================================================================
Received Import Request.
  Time since last request: 59.162523 seconds.
  path: Assets/Prefabs/PlayerPreFab.prefab
  artifactKey: Guid(41c740bffdb85ff4f9d35b872768a952) Importer(815301076,1909f56bfc062723c751e8b465ee728b)
Start importing Assets/Prefabs/PlayerPreFab.prefab using Guid(41c740bffdb85ff4f9d35b872768a952) Importer(815301076,1909f56bfc062723c751e8b465ee728b)  -> (artifact id: 'faedbe8d31bb96ae3747b23d9fc13584') in 0.158484 seconds 
========================================================================
Received Import Request.
  Time since last request: 82.508679 seconds.
  path: Assets/Prefabs/PlayerPreFab.prefab
  artifactKey: Guid(41c740bffdb85ff4f9d35b872768a952) Importer(815301076,1909f56bfc062723c751e8b465ee728b)
Start importing Assets/Prefabs/PlayerPreFab.prefab using Guid(41c740bffdb85ff4f9d35b872768a952) Importer(815301076,1909f56bfc062723c751e8b465ee728b)  -> (artifact id: '6b4282c54894266b62abf4351d63d18f') in 0.098872 seconds 
========================================================================
Received Import Request.
  Time since last request: 55.553095 seconds.
  path: Assets/Prefabs/PlayerPreFab.prefab
  artifactKey: Guid(41c740bffdb85ff4f9d35b872768a952) Importer(815301076,1909f56bfc062723c751e8b465ee728b)
Start importing Assets/Prefabs/PlayerPreFab.prefab using Guid(41c740bffdb85ff4f9d35b872768a952) Importer(815301076,1909f56bfc062723c751e8b465ee728b)  -> (artifact id: 'e0fddd9bad899462e9fad53c5951a631') in 0.066306 seconds 
========================================================================
Received Prepare
Registering precompiled user dll's ...
Registered in 0.005511 seconds.
Begin MonoManager ReloadAssembly
Symbol file LoadedFromMemory doesn't match image D:\Users\ghost\Bureau\Projets C#\FPSUnity\FPS\Library\PackageCache\com.unity.visualscripting@1.7.8\Editor\VisualScripting.Core\Dependencies\YamlDotNet\Unity.VisualScripting.YamlDotNet.dll
Symbol file LoadedFromMemory doesn't match image D:\Users\ghost\Bureau\Projets C#\FPSUnity\FPS\Library\PackageCache\com.unity.visualscripting@1.7.8\Editor\VisualScripting.Core\Dependencies\DotNetZip\Unity.VisualScripting.IonicZip.dll
Native extension for WindowsStandalone target not found
Native extension for WebGL target not found
Refreshing native plugins compatible for Editor in 0.80 ms, found 3 plugins.
Preloading 0 native plugins for Editor in 0.00 ms.
Mono: successfully reloaded assembly
- Completed reload, in  0.970 seconds
Domain Reload Profiling:
	ReloadAssembly (970ms)
		BeginReloadAssembly (117ms)
			ExecutionOrderSort (0ms)
			DisableScriptedObjects (4ms)
			BackupInstance (0ms)
			ReleaseScriptingObjects (0ms)
			CreateAndSetChildDomain (35ms)
		EndReloadAssembly (767ms)
			LoadAssemblies (69ms)
			RebuildTransferFunctionScriptingTraits (0ms)
			SetupTypeCache (258ms)
			ReleaseScriptCaches (3ms)
			RebuildScriptCaches (46ms)
			SetupLoadedEditorAssemblies (345ms)
				LogAssemblyErrors (0ms)
				InitializePlatformSupportModulesInManaged (11ms)
				SetLoadedEditorAssemblies (0ms)
				RefreshPlugins (1ms)
				BeforeProcessingInitializeOnLoad (64ms)
				ProcessInitializeOnLoadAttributes (217ms)
				ProcessInitializeOnLoadMethodAttributes (47ms)
				AfterProcessingInitializeOnLoad (3ms)
				EditorAssembliesLoaded (0ms)
			ExecutionOrderSort2 (0ms)
			AwakeInstancesAfterBackupRestoration (6ms)
Platform modules already initialized, skipping
Refreshing native plugins compatible for Editor in 1.65 ms, found 3 plugins.
Preloading 0 native plugins for Editor in 0.00 ms.
Unloading 3702 Unused Serialized files (Serialized files now loaded: 0)
Unloading 31 unused Assets / (82.2 KB). Loaded Objects now: 4254.
Memory consumption went from 134.3 MB to 134.2 MB.
Total: 3.632600 ms (FindLiveObjects: 0.451400 ms CreateObjectMapping: 0.103200 ms MarkObjects: 2.864200 ms  DeleteObjects: 0.212500 ms)

AssetImportParameters requested are different than current active one (requested -> active):
  custom:video-decoder-ogg-theora: a1e56fd34408186e4bbccfd4996cb3dc -> 
  custom:container-muxer-webm: aa71ff27fc2769a1b78a27578f13a17b -> 
  custom:container-demuxer-webm: 4f35f7cbe854078d1ac9338744f61a02 -> 
  custom:video-encoder-webm-vp8: eb34c28f22e8b96e1ab97ce403110664 -> 
  custom:audio-encoder-webm-vorbis: bf7c407c2cedff20999df2af8eb42d56 -> 
  custom:framework-win-MediaFoundation: 216162199b28c13a410421893ffa2e32 -> 
  custom:container-demuxer-ogg: 62fdf1f143b41e24485cea50d1cbac27 -> 
  custom:video-decoder-webm-vp8: 9c59270c3fd7afecdb556c50c9e8de78 -> 
  custom:audio-decoder-ogg-vorbis: bf7c407c2cedff20999df2af8eb42d56 -> 
========================================================================
Received Import Request.
  Time since last request: 40.050772 seconds.
  path: Assets/Scenes/SampleScene.unity
  artifactKey: Guid(9fc0d4010bbf28b4594072e72b8655ab) Importer(815301076,1909f56bfc062723c751e8b465ee728b)
Start importing Assets/Scenes/SampleScene.unity using Guid(9fc0d4010bbf28b4594072e72b8655ab) Importer(815301076,1909f56bfc062723c751e8b465ee728b)  -> (artifact id: 'd320e1beebb67aba0defefffc823ae15') in 0.008154 seconds 
========================================================================
Received Prepare
Registering precompiled user dll's ...
Registered in 0.003766 seconds.
Begin MonoManager ReloadAssembly
Symbol file LoadedFromMemory doesn't match image D:\Users\ghost\Bureau\Projets C#\FPSUnity\FPS\Library\PackageCache\com.unity.visualscripting@1.7.8\Editor\VisualScripting.Core\Dependencies\YamlDotNet\Unity.VisualScripting.YamlDotNet.dll
Symbol file LoadedFromMemory doesn't match image D:\Users\ghost\Bureau\Projets C#\FPSUnity\FPS\Library\PackageCache\com.unity.visualscripting@1.7.8\Editor\VisualScripting.Core\Dependencies\DotNetZip\Unity.VisualScripting.IonicZip.dll
Native extension for WindowsStandalone target not found
Native extension for WebGL target not found
Refreshing native plugins compatible for Editor in 0.80 ms, found 3 plugins.
Preloading 0 native plugins for Editor in 0.00 ms.
Mono: successfully reloaded assembly
- Completed reload, in  0.916 seconds
Domain Reload Profiling:
	ReloadAssembly (916ms)
		BeginReloadAssembly (116ms)
			ExecutionOrderSort (0ms)
			DisableScriptedObjects (5ms)
			BackupInstance (0ms)
			ReleaseScriptingObjects (0ms)
			CreateAndSetChildDomain (36ms)
		EndReloadAssembly (712ms)
			LoadAssemblies (66ms)
			RebuildTransferFunctionScriptingTraits (0ms)
			SetupTypeCache (248ms)
			ReleaseScriptCaches (1ms)
			RebuildScriptCaches (45ms)
			SetupLoadedEditorAssemblies (313ms)
				LogAssemblyErrors (0ms)
				InitializePlatformSupportModulesInManaged (12ms)
				SetLoadedEditorAssemblies (0ms)
				RefreshPlugins (1ms)
				BeforeProcessingInitializeOnLoad (61ms)
				ProcessInitializeOnLoadAttributes (204ms)
				ProcessInitializeOnLoadMethodAttributes (32ms)
				AfterProcessingInitializeOnLoad (2ms)
				EditorAssembliesLoaded (0ms)
			ExecutionOrderSort2 (0ms)
			AwakeInstancesAfterBackupRestoration (5ms)
Platform modules already initialized, skipping
Refreshing native plugins compatible for Editor in 2.35 ms, found 3 plugins.
Preloading 0 native plugins for Editor in 0.00 ms.
Unloading 3702 Unused Serialized files (Serialized files now loaded: 0)
Unloading 25 unused Assets / (79.5 KB). Loaded Objects now: 4257.
Memory consumption went from 134.3 MB to 134.2 MB.
Total: 3.689400 ms (FindLiveObjects: 0.435900 ms CreateObjectMapping: 0.130500 ms MarkObjects: 2.967100 ms  DeleteObjects: 0.154400 ms)

AssetImportParameters requested are different than current active one (requested -> active):
  custom:video-decoder-ogg-theora: a1e56fd34408186e4bbccfd4996cb3dc -> 
  custom:container-muxer-webm: aa71ff27fc2769a1b78a27578f13a17b -> 
  custom:container-demuxer-webm: 4f35f7cbe854078d1ac9338744f61a02 -> 
  custom:video-encoder-webm-vp8: eb34c28f22e8b96e1ab97ce403110664 -> 
  custom:audio-encoder-webm-vorbis: bf7c407c2cedff20999df2af8eb42d56 -> 
  custom:framework-win-MediaFoundation: 216162199b28c13a410421893ffa2e32 -> 
  custom:container-demuxer-ogg: 62fdf1f143b41e24485cea50d1cbac27 -> 
  custom:video-decoder-webm-vp8: 9c59270c3fd7afecdb556c50c9e8de78 -> 
  custom:audio-decoder-ogg-vorbis: bf7c407c2cedff20999df2af8eb42d56 -> 
========================================================================
Received Import Request.
  Time since last request: 70.530790 seconds.
  path: Assets/Scripts/Weapons/Rifle.asset
  artifactKey: Guid(77538948d70e11f4f87d197c5c77588d) Importer(815301076,1909f56bfc062723c751e8b465ee728b)
Start importing Assets/Scripts/Weapons/Rifle.asset using Guid(77538948d70e11f4f87d197c5c77588d) Importer(815301076,1909f56bfc062723c751e8b465ee728b)  -> (artifact id: 'b85224c20d21180c982e510a4c6e802b') in 0.020939 seconds 
========================================================================
Received Import Request.
  Time since last request: 12.133381 seconds.
  path: Assets/Imports/Sci-Fi Weapons/Base Pack/Sniper/Textures
  artifactKey: Guid(d9cfc59ec3fa4c5498e925c8846869e4) Importer(815301076,1909f56bfc062723c751e8b465ee728b)
Start importing Assets/Imports/Sci-Fi Weapons/Base Pack/Sniper/Textures using Guid(d9cfc59ec3fa4c5498e925c8846869e4) Importer(815301076,1909f56bfc062723c751e8b465ee728b)  -> (artifact id: '7201c0d040a039652c9eec1a22693d16') in 0.020770 seconds 
========================================================================
Received Import Request.
  Time since last request: 1.081628 seconds.
  path: Assets/Imports/Sci-Fi Weapons/Base Pack/Sniper/Textures/Shared
  artifactKey: Guid(7b68fbd5a171faa45803764b09a330ab) Importer(815301076,1909f56bfc062723c751e8b465ee728b)
Start importing Assets/Imports/Sci-Fi Weapons/Base Pack/Sniper/Textures/Shared using Guid(7b68fbd5a171faa45803764b09a330ab) Importer(815301076,1909f56bfc062723c751e8b465ee728b)  -> (artifact id: 'de0489da94fd0f565c438e6856a49b70') in 0.005955 seconds 
========================================================================
Received Import Request.
  Time since last request: 0.058706 seconds.
  path: Assets/Imports/Sci-Fi Weapons/Base Pack/Sniper/Textures/Shared/Sniper_Emission.png
  artifactKey: Guid(adb65bd8de406d9499c8b0746edca25b) Importer(815301076,1909f56bfc062723c751e8b465ee728b)
Start importing Assets/Imports/Sci-Fi Weapons/Base Pack/Sniper/Textures/Shared/Sniper_Emission.png using Guid(adb65bd8de406d9499c8b0746edca25b) Importer(815301076,1909f56bfc062723c751e8b465ee728b)  -> (artifact id: '5c40547d12c5c0a2629302c480a992a6') in 0.038704 seconds 
========================================================================
Received Import Request.
  Time since last request: 0.000024 seconds.
  path: Assets/Imports/Sci-Fi Weapons/Base Pack/Sniper/Textures/Shared/Sniper_Occlusion.png
  artifactKey: Guid(271fd7bcf76888b47882263cbd0c376d) Importer(815301076,1909f56bfc062723c751e8b465ee728b)
Start importing Assets/Imports/Sci-Fi Weapons/Base Pack/Sniper/Textures/Shared/Sniper_Occlusion.png using Guid(271fd7bcf76888b47882263cbd0c376d) Importer(815301076,1909f56bfc062723c751e8b465ee728b)  -> (artifact id: '2a0f9b099421687fdbe5354af2cd2773') in 0.013589 seconds 
========================================================================
Received Import Request.
  Time since last request: 38.542304 seconds.
  path: Assets/Imports/Sci-Fi Weapons/Base Pack/Sniper/Textures/Variation 04
  artifactKey: Guid(e10d50e493ecaf44bb23e2dc8eba4fc5) Importer(815301076,1909f56bfc062723c751e8b465ee728b)
Start importing Assets/Imports/Sci-Fi Weapons/Base Pack/Sniper/Textures/Variation 04 using Guid(e10d50e493ecaf44bb23e2dc8eba4fc5) Importer(815301076,1909f56bfc062723c751e8b465ee728b)  -> (artifact id: 'aefb176685a883cc4697009c0c8571b0') in 0.005877 seconds 
========================================================================
Received Import Request.
  Time since last request: 0.044965 seconds.
  path: Assets/Imports/Sci-Fi Weapons/Base Pack/Sniper/Textures/Variation 04/Sniper_04_Albedo.png
  artifactKey: Guid(6804dfc436dc88f409375044f19f3f58) Importer(815301076,1909f56bfc062723c751e8b465ee728b)
Start importing Assets/Imports/Sci-Fi Weapons/Base Pack/Sniper/Textures/Variation 04/Sniper_04_Albedo.png using Guid(6804dfc436dc88f409375044f19f3f58) Importer(815301076,1909f56bfc062723c751e8b465ee728b)  -> (artifact id: 'aaef6f0c16fc1eadba2fa3fbbf6fc960') in 0.022013 seconds 
========================================================================
Received Import Request.
  Time since last request: 44.063631 seconds.
  path: Assets/Prefabs/PlayerPreFab.prefab
  artifactKey: Guid(41c740bffdb85ff4f9d35b872768a952) Importer(815301076,1909f56bfc062723c751e8b465ee728b)
Start importing Assets/Prefabs/PlayerPreFab.prefab using Guid(41c740bffdb85ff4f9d35b872768a952) Importer(815301076,1909f56bfc062723c751e8b465ee728b)  -> (artifact id: 'dd6f52700ebfda84253d0425c947918d') in 0.118264 seconds 
========================================================================
Received Import Request.
  Time since last request: 9.692133 seconds.
  path: Assets/Prefabs/Rifle
  artifactKey: Guid(076aa5e92a839944b842cacf6240d61e) Importer(815301076,1909f56bfc062723c751e8b465ee728b)
Start importing Assets/Prefabs/Rifle using Guid(076aa5e92a839944b842cacf6240d61e) Importer(815301076,1909f56bfc062723c751e8b465ee728b)  -> (artifact id: '980fa6796183511d09aa9f9756f7bd7b') in 0.002681 seconds 
========================================================================
Received Import Request.
  Time since last request: 12.614861 seconds.
  path: Assets/Prefabs/Player
  artifactKey: Guid(a9e9db929d95639429a5e60b508fbde0) Importer(815301076,1909f56bfc062723c751e8b465ee728b)
Start importing Assets/Prefabs/Player using Guid(a9e9db929d95639429a5e60b508fbde0) Importer(815301076,1909f56bfc062723c751e8b465ee728b)  -> (artifact id: '31d06397119da570fc5fea6826b3ffa9') in 0.017600 seconds 
========================================================================
Received Import Request.
  Time since last request: 173.585449 seconds.
  path: Assets/Prefabs/New Folder
  artifactKey: Guid(8ae3f0aec12879b4aa9f3b9b14085f39) Importer(815301076,1909f56bfc062723c751e8b465ee728b)
Start importing Assets/Prefabs/New Folder using Guid(8ae3f0aec12879b4aa9f3b9b14085f39) Importer(815301076,1909f56bfc062723c751e8b465ee728b)  -> (artifact id: '1a54ac180c9b379eb6e89067287dca0f') in 0.020597 seconds 
========================================================================
Received Import Request.
  Time since last request: 11.246634 seconds.
  path: Assets/Prefabs/PlayerUI
  artifactKey: Guid(bc497261d98d0e84fbf1dd127abea584) Importer(815301076,1909f56bfc062723c751e8b465ee728b)
Start importing Assets/Prefabs/PlayerUI using Guid(bc497261d98d0e84fbf1dd127abea584) Importer(815301076,1909f56bfc062723c751e8b465ee728b)  -> (artifact id: 'bb65701793a0e31d751f9c15d41c179e') in 0.131628 seconds 
========================================================================
Received Import Request.
  Time since last request: 14.566233 seconds.
  path: Assets/Prefabs/Particles
  artifactKey: Guid(de7eb3c80ed5f924db5acf25200361ac) Importer(815301076,1909f56bfc062723c751e8b465ee728b)
Start importing Assets/Prefabs/Particles using Guid(de7eb3c80ed5f924db5acf25200361ac) Importer(815301076,1909f56bfc062723c751e8b465ee728b)  -> (artifact id: 'd771b9fbc30765c6f4fa4d75f22d3857') in 0.006171 seconds 
========================================================================
Received Import Request.
  Time since last request: 17.409398 seconds.
  path: Assets/Prefabs/Sci-Fi
  artifactKey: Guid(8ae3f0aec12879b4aa9f3b9b14085f39) Importer(815301076,1909f56bfc062723c751e8b465ee728b)
Start importing Assets/Prefabs/Sci-Fi using Guid(8ae3f0aec12879b4aa9f3b9b14085f39) Importer(815301076,1909f56bfc062723c751e8b465ee728b)  -> (artifact id: '4afc0385a1e3248e8cc5bb2b7715bd46') in 0.005464 seconds 
========================================================================
Received Import Request.
  Time since last request: 150.503799 seconds.
  path: Assets/TextMesh Pro/Sprites/EmojiOne.png
  artifactKey: Guid(dffef66376be4fa480fb02b19edbe903) Importer(815301076,1909f56bfc062723c751e8b465ee728b)
Start importing Assets/TextMesh Pro/Sprites/EmojiOne.png using Guid(dffef66376be4fa480fb02b19edbe903) Importer(815301076,1909f56bfc062723c751e8b465ee728b)  -> (artifact id: '3fa7e35e7708e32617ab4555a5c07f27') in 0.112742 seconds 
========================================================================
Received Import Request.
  Time since last request: 0.010178 seconds.
  path: Assets/Imports/Sci-Fi Weapons/Base Pack/Heavy/Textures/Variation 08/Heavy_08_Albedo.png
  artifactKey: Guid(e15e164e9940fb34b8a1b9d04840af5a) Importer(815301076,1909f56bfc062723c751e8b465ee728b)
Start importing Assets/Imports/Sci-Fi Weapons/Base Pack/Heavy/Textures/Variation 08/Heavy_08_Albedo.png using Guid(e15e164e9940fb34b8a1b9d04840af5a) Importer(815301076,1909f56bfc062723c751e8b465ee728b)  -> (artifact id: 'e59f70807b7abc41b73ca44a6b9ee1b5') in 0.022093 seconds 
========================================================================
Received Import Request.
  Time since last request: 0.000025 seconds.
  path: Assets/Imports/Standard Assets/FlareParticle/Textures/ParticleFlare.png
  artifactKey: Guid(76b24fa8a46a2c14f9a7df1e975dc4b9) Importer(815301076,1909f56bfc062723c751e8b465ee728b)
Start importing Assets/Imports/Standard Assets/FlareParticle/Textures/ParticleFlare.png using Guid(76b24fa8a46a2c14f9a7df1e975dc4b9) Importer(815301076,1909f56bfc062723c751e8b465ee728b)  -> (artifact id: '805b8ddb8b82a9eba8d0c53fd848ef5b') in 0.020703 seconds 
========================================================================
Received Import Request.
  Time since last request: 0.000022 seconds.
  path: Assets/Imports/Sci-Fi Weapons/Base Pack/Heavy/Textures/Shared/Heavy_Occlusion.png
  artifactKey: Guid(9a72949664ceb4f4799e9987be19cd4f) Importer(815301076,1909f56bfc062723c751e8b465ee728b)
Start importing Assets/Imports/Sci-Fi Weapons/Base Pack/Heavy/Textures/Shared/Heavy_Occlusion.png using Guid(9a72949664ceb4f4799e9987be19cd4f) Importer(815301076,1909f56bfc062723c751e8b465ee728b)  -> (artifact id: '4af282edf3e19bfcce9c043d72f48712') in 0.014649 seconds 
========================================================================
Received Import Request.
  Time since last request: 0.000022 seconds.
  path: Assets/Imports/Standard Assets/FlareParticle/Textures/ParticleCloudWhite.png
  artifactKey: Guid(5b303ff28ad9368468a2edd759cf458d) Importer(815301076,1909f56bfc062723c751e8b465ee728b)
Start importing Assets/Imports/Standard Assets/FlareParticle/Textures/ParticleCloudWhite.png using Guid(5b303ff28ad9368468a2edd759cf458d) Importer(815301076,1909f56bfc062723c751e8b465ee728b)  -> (artifact id: '37e50120794e76616991ce96e188c8b0') in 0.052704 seconds 
========================================================================
Received Import Request.
  Time since last request: 0.000021 seconds.
  path: Assets/Imports/Sci-Fi Weapons/Base Pack/Rifle/Textures/Shared/Rifle_Metallic.png
  artifactKey: Guid(a73d31b92e2331649ba0f8079c1ca574) Importer(815301076,1909f56bfc062723c751e8b465ee728b)
Start importing Assets/Imports/Sci-Fi Weapons/Base Pack/Rifle/Textures/Shared/Rifle_Metallic.png using Guid(a73d31b92e2331649ba0f8079c1ca574) Importer(815301076,1909f56bfc062723c751e8b465ee728b)  -> (artifact id: 'bc9fa61583e24ec0e7ffa9f93b4d70c6') in 0.033939 seconds 
========================================================================
Received Import Request.
  Time since last request: 0.000024 seconds.
  path: Assets/Imports/Sci-Fi Weapons/Base Pack/Rifle/Textures/Variation 06/Rifle_06_Albedo.png
  artifactKey: Guid(44cb5737122d8aa498ea4f41c6342d8e) Importer(815301076,1909f56bfc062723c751e8b465ee728b)
Start importing Assets/Imports/Sci-Fi Weapons/Base Pack/Rifle/Textures/Variation 06/Rifle_06_Albedo.png using Guid(44cb5737122d8aa498ea4f41c6342d8e) Importer(815301076,1909f56bfc062723c751e8b465ee728b)  -> (artifact id: '4b944afc509bdb2a7774e7f90c84799a') in 0.036964 seconds 
========================================================================
Received Import Request.
  Time since last request: 0.000034 seconds.
  path: Assets/TextMesh Pro/Resources/Fonts & Materials/LiberationSans SDF.asset
  artifactKey: Guid(8f586378b4e144a9851e7b34d9b748ee) Importer(815301076,1909f56bfc062723c751e8b465ee728b)
Start importing Assets/TextMesh Pro/Resources/Fonts & Materials/LiberationSans SDF.asset using Guid(8f586378b4e144a9851e7b34d9b748ee) Importer(815301076,1909f56bfc062723c751e8b465ee728b)  -> (artifact id: '98b09c6608f06103f96bdb3d043c07a0') in 0.082865 seconds 
========================================================================
Received Import Request.
  Time since last request: 0.000032 seconds.
  path: Assets/Imports/Sci-Fi Weapons/Base Pack/Pistol/Textures/Shared/Pistol_Emission.png
  artifactKey: Guid(aff6a540b2a29834783b2e12b4689c0a) Importer(815301076,1909f56bfc062723c751e8b465ee728b)
Start importing Assets/Imports/Sci-Fi Weapons/Base Pack/Pistol/Textures/Shared/Pistol_Emission.png using Guid(aff6a540b2a29834783b2e12b4689c0a) Importer(815301076,1909f56bfc062723c751e8b465ee728b)  -> (artifact id: 'd8c9c3967fa3a5907f0222710143734f') in 0.021021 seconds 
Editor requested this worker to shutdown with reason: Scaling down because of idle timeout
AssetImportWorker is now disconnected from the server
Process exiting
Exiting without the bug reporter. Application will terminate with return code 0